Sep 25 14:37:29 mitserver.mydomain.com kadmind[34](info): setting up network...
kadmind: setsockopt(10,IPV6_V6ONLY,1) worked
kadmind: setsockopt(12,IPV6_V6ONLY,1) worked
kadmind: setsockopt(14,IPV6_V6ONLY,1) worked
Sep 25 14:37:29 mitserver.mydomain.com kadmind[34](info): set up 6 sockets
Sep 25 14:37:29 mitserver.mydomain.com kadmind[35](info): Seeding random number generator
Sep 25 14:37:29 mitserver.mydomain.com kadmind[35](info): starting
Sep 25 14:44:03 mitserver.mydomain.com kadmind[7](info): setting up network...
kadmind: setsockopt(10,IPV6_V6ONLY,1) worked
kadmind: setsockopt(12,IPV6_V6ONLY,1) worked
kadmind: setsockopt(14,IPV6_V6ONLY,1) worked
Sep 25 14:44:03 mitserver.mydomain.com kadmind[7](info): set up 6 sockets
Sep 25 14:44:03 mitserver.mydomain.com kadmind[8](info): Seeding random number generator
Sep 25 14:44:03 mitserver.mydomain.com kadmind[8](info): starting
Sep 25 14:47:59 mitserver.mydomain.com kadmind[7](info): setting up network...
kadmind: setsockopt(10,IPV6_V6ONLY,1) worked
kadmind: setsockopt(12,IPV6_V6ONLY,1) worked
kadmind: setsockopt(14,IPV6_V6ONLY,1) worked
Sep 25 14:47:59 mitserver.mydomain.com kadmind[7](info): set up 6 sockets
Sep 25 14:47:59 mitserver.mydomain.com kadmind[8](info): Seeding random number generator
Sep 25 14:47:59 mitserver.mydomain.com kadmind[8](info): starting
Sep 28 07:45:46 mitserver.mydomain.com kadmind[7](info): setting up network...
kadmind: setsockopt(10,IPV6_V6ONLY,1) worked
kadmind: setsockopt(12,IPV6_V6ONLY,1) worked
kadmind: setsockopt(14,IPV6_V6ONLY,1) worked
Sep 28 07:45:46 mitserver.mydomain.com kadmind[7](info): set up 6 sockets
Sep 28 07:45:46 mitserver.mydomain.com kadmind[8](info): Seeding random number generator
Sep 28 07:45:46 mitserver.mydomain.com kadmind[8](info): starting
Sep 28 08:57:25 mitserver.mydomain.com kadmind[8](Notice): Request: kadm5_init, root/admin@MYDOMAIN.COM, success, client=root/admin@MYDOMAIN.COM, service=kadmin/admin@MYDOMAIN.COM, addr=172.20.0.5, vers=4, flavor=6
Sep 28 08:58:03 mitserver.mydomain.com kadmind[8](Notice): Request: kadm5_get_principals, *, success, client=root/admin@MYDOMAIN.COM, service=kadmin/admin@MYDOMAIN.COM, addr=172.20.0.5
Sep 28 08:58:51 mitserver.mydomain.com kadmind[8](Notice): Request: kadm5_randkey_principal, host/sshserver.mydomain.com@MYDOMAIN.COM, success, client=root/admin@MYDOMAIN.COM, service=kadmin/admin@MYDOMAIN.COM, addr=172.20.0.5
Sep 28 08:58:51 mitserver.mydomain.com kadmind[8](Notice): Request: kadm5_get_principal, host/sshserver.mydomain.com@MYDOMAIN.COM, success, client=root/admin@MYDOMAIN.COM, service=kadmin/admin@MYDOMAIN.COM, addr=172.20.0.5
Sep 28 09:00:34 mitserver.mydomain.com kadmind[8](info): closing down fd 19
Sep 28 11:18:36 mitserver.mydomain.com kadmind[8](Notice): Request: kadm5_init, root/admin@MYDOMAIN.COM, success, client=root/admin@MYDOMAIN.COM, service=kadmin/admin@MYDOMAIN.COM, addr=172.20.0.5, vers=4, flavor=6
Sep 28 11:18:38 mitserver.mydomain.com kadmind[8](info): closing down fd 19
